[35m[Appium][39m Welcome to Appium v1.22.3
[35m[Appium][39m Non-default server args:
[35m[Appium][39m   port: 55243
[35m[Appium][39m   loglevel: info
[35m[Appium][39m   tmpDir: C:\Users\rbawa\AppData\Local\Temp\\Katalon\Appium\Temp1677679860001
[35m[Appium][39m   chromedriverPort: 55244
[35m[Appium][39m Deprecated server args:
[35m[Appium][39m   [31m--chromedriver-port[39m => --default-capabilities
[35m[Appium][39m Default capabilities, which will be added to each request unless overridden by desired capabilities:
[35m[Appium][39m   chromedriverPort: 55244
[35m[Appium][39m Appium REST http interface listener started on 0.0.0.0:55243
[35m[HTTP][39m [37m-->[39m [37mGET[39m [37m/wd/hub/status[39m
[35m[HTTP][39m [90m{}[39m
[35m[HTTP][39m [37m<-- GET /wd/hub/status [39m[32m200[39m [90m5 ms - 68[39m
[35m[HTTP][39m [90m[39m
[35m[HTTP][39m [37m-->[39m [37mGET[39m [37m/wd/hub/status[39m
[35m[HTTP][39m [90m{}[39m
[35m[HTTP][39m [37m<-- GET /wd/hub/status [39m[32m200[39m [90m1 ms - 68[39m
[35m[HTTP][39m [90m[39m
[35m[HTTP][39m [37m-->[39m [37mPOST[39m [37m/wd/hub/session[39m
[35m[HTTP][39m [90m{"desiredCapabilities":{"app":"C:\\Users\\rbawa\\Downloads\\Alawani_28_02_DEV (1).apk","noReset":true,"deviceName":"emulator-5554 (Android SDK built for x86 - Android 7.0)","fullReset":false,"platform":"ANDROID","newCommandTimeout":1800,"platformVersion":"7.0","automationName":"uiautomator2","autoGrantPermissions":true,"platformName":"Android","udid":"emulator-5554","systemPort":55253},"capabilities":{"firstMatch":[{"appium:app":"C:\\Users\\rbawa\\Downloads\\Alawani_28_02_DEV (1).apk","appium:autoGrantPermissions":true,"appium:automationName":"uiautomator2","appium:deviceName":"emulator-5554 (Android SDK built for x86 - Android 7.0)","appium:fullReset":false,"appium:newCommandTimeout":1800,"appium:noReset":true,"platform":"ANDROID","platformName":"android","appium:platformVersion":"7.0","appium:systemPort":55253,"appium:udid":"emulator-5554"}]}}[39m
[35m[BaseDriver][39m The following capabilities are not standard capabilities and should have an extension prefix:
[35m[BaseDriver][39m   platform
[35m[BaseDriver][39m   chromedriverPort
[35m[Appium][39m Appium v1.22.3 creating new AndroidUiautomator2Driver (v1.70.1) session
[35m[BaseDriver][39m The following capabilities were provided, but are not recognized by Appium:
[35m[BaseDriver][39m   platform
[35m[BaseDriver][39m Session created with session id: f2fc12d0-bb42-4cf8-aee5-89f21baf03bd
[35m[BaseDriver][39m Using local app 'C:\Users\rbawa\Downloads\Alawani_28_02_DEV (1).apk'
[35m[ADB][39m Found 1 'build-tools' folders under 'C:\Users\rbawa\.katalon\tools\android_sdk' (newest first):
[35m[ADB][39m     C:/Users/rbawa/.katalon/tools/android_sdk/build-tools/29.0.3
[35m[ADB][39m Using 'adb.exe' from 'C:\Users\rbawa\.katalon\tools\android_sdk\platform-tools\adb.exe'
[35m[AndroidDriver][39m Retrieving device list
[35m[AndroidDriver][39m Using device: emulator-5554
[35m[ADB][39m Using 'adb.exe' from 'C:\Users\rbawa\.katalon\tools\android_sdk\platform-tools\adb.exe'
[35m[ADB][39m Package name: 'sa.maxsys.qasralwani'
[35m[ADB][39m Main activity name: 'sa.maxsys.qasralwani.MainActivity'
[35m[ADB][39m Using 'apksigner.jar' from 'C:\Users\rbawa\.katalon\tools\android_sdk\build-tools\29.0.3\lib\apksigner.jar'
[35m[ADB][39m 'C:\Users\rbawa\AppData\Roaming\npm\node_modules\appium\node_modules\appium-uiautomator2-server\apks\appium-uiautomator2-server-v4.27.0.apk' is signed with the default certificate
[35m[ADB][39m 'C:\Users\rbawa\AppData\Roaming\npm\node_modules\appium\node_modules\appium-uiautomator2-server\apks\appium-uiautomator2-server-debug-androidTest.apk' is signed with the default certificate
[35m[UiAutomator2][39m Server packages are not going to be (re)installed
[35m[ADB][39m Adding packages ["io.appium.settings","io.appium.uiautomator2.server","io.appium.uiautomator2.server.test"] to Doze whitelist
[35m[ADB][39m 'C:\Users\rbawa\Downloads\Alawani_28_02_DEV (1).apk' is signed with a non-default certificate
[35m[ADB][39m The application at 'C:\Users\rbawa\Downloads\Alawani_28_02_DEV (1).apk' will not be cached, because the device under test has confirmed the support of streamed installs
[35m[ADB][39m The installation of 'Alawani_28_02_DEV (1).apk' took 6742ms
[35m[UiAutomator2][39m Starting UIAutomator2 server 4.27.0
[35m[UiAutomator2][39m Using UIAutomator2 server from 'C:\Users\rbawa\AppData\Roaming\npm\node_modules\appium\node_modules\appium-uiautomator2-server\apks\appium-uiautomator2-server-v4.27.0.apk' and test from 'C:\Users\rbawa\AppData\Roaming\npm\node_modules\appium\node_modules\appium-uiautomator2-server\apks\appium-uiautomator2-server-debug-androidTest.apk'
[35m[UiAutomator2][39m Waiting up to 30000ms for UiAutomator2 to be online...
[35m[WD Proxy][39m socket hang up
[35m[WD Proxy][39m socket hang up
[35m[WD Proxy][39m Determined the downstream protocol as 'W3C'
[35m[AndroidDriver][39m Screen already unlocked, doing nothing
[35m[UiAutomator2][39m Starting 'sa.maxsys.qasralwani/sa.maxsys.qasralwani.MainActivity and waiting for 'sa.maxsys.qasralwani/sa.maxsys.qasralwani.MainActivity'
[35m[Appium][39m New AndroidUiautomator2Driver session created successfully, session f2fc12d0-bb42-4cf8-aee5-89f21baf03bd added to master session list
[35m[HTTP][39m [37m<-- POST /wd/hub/session [39m[32m200[39m [90m16710 ms - 1310[39m
[35m[HTTP][39m [90m[39m
[35m[HTTP][39m [37m-->[39m [37mGET[39m [37m/wd/hub/session/f2fc12d0-bb42-4cf8-aee5-89f21baf03bd[39m
[35m[HTTP][39m [90m{}[39m
[35m[HTTP][39m [37m<-- GET /wd/hub/session/f2fc12d0-bb42-4cf8-aee5-89f21baf03bd [39m[32m200[39m [90m18 ms - 1264[39m
[35m[HTTP][39m [90m[39m
[35m[HTTP][39m [37m-->[39m [37mGET[39m [37m/wd/hub/session/f2fc12d0-bb42-4cf8-aee5-89f21baf03bd[39m
[35m[HTTP][39m [90m{}[39m
[35m[HTTP][39m [37m<-- GET /wd/hub/session/f2fc12d0-bb42-4cf8-aee5-89f21baf03bd [39m[32m200[39m [90m12 ms - 1264[39m
[35m[HTTP][39m [90m[39m
[35m[HTTP][39m [37m-->[39m [37mGET[39m [37m/wd/hub/status[39m
[35m[HTTP][39m [90m{}[39m
[35m[HTTP][39m [37m<-- GET /wd/hub/status [39m[32m200[39m [90m2 ms - 68[39m
[35m[HTTP][39m [90m[39m
[35m[HTTP][39m [37m-->[39m [37mPOST[39m [37m/wd/hub/session/f2fc12d0-bb42-4cf8-aee5-89f21baf03bd/timeouts[39m
[35m[HTTP][39m [90m{"implicit":60000}[39m
[35m[HTTP][39m [37m<-- POST /wd/hub/session/f2fc12d0-bb42-4cf8-aee5-89f21baf03bd/timeouts [39m[32m200[39m [90m6 ms - 14[39m
[35m[HTTP][39m [90m[39m
[35m[HTTP][39m [37m-->[39m [37mGET[39m [37m/wd/hub/session/f2fc12d0-bb42-4cf8-aee5-89f21baf03bd/source[39m
[35m[HTTP][39m [90m{}[39m
[35m[W3C (f2fc12d0)][39m Driver proxy active, passing request on via HTTP proxy
[35m[WD Proxy][39m Replacing sessionId 696e9fbc-0572-4afb-a50c-eb4086888150 with f2fc12d0-bb42-4cf8-aee5-89f21baf03bd
[35m[HTTP][39m [37m<-- GET /wd/hub/session/f2fc12d0-bb42-4cf8-aee5-89f21baf03bd/source [39m[32m200[39m [90m113 ms - 2769[39m
[35m[HTTP][39m [90m[39m
[35m[HTTP][39m [37m-->[39m [37mGET[39m [37m/wd/hub/session/f2fc12d0-bb42-4cf8-aee5-89f21baf03bd/screenshot[39m
[35m[HTTP][39m [90m{}[39m
[35m[HTTP][39m [37m<-- GET /wd/hub/session/f2fc12d0-bb42-4cf8-aee5-89f21baf03bd/screenshot [39m[32m200[39m [90m206 ms - 20064[39m
[35m[HTTP][39m [90m[39m
[35m[BaseDriver][39m Shutting down because we waited 1800 seconds for a command
[35m[Appium][39m Closing session, cause was 'New Command Timeout of 1800 seconds expired. Try customizing the timeout using the 'newCommandTimeout' desired capability'
[35m[Appium][39m Removing session 'f2fc12d0-bb42-4cf8-aee5-89f21baf03bd' from our master session list
